<options xmlns="http://marklogic.com/appservices/search">
  <constraint name="citation_id">
    <range type="xs:int">
      <json-property>CitationID</json-property>
    </range>
  </constraint>
  <constraint name="tripleObject">
    <value>
      <element ns="http://marklogic.com/semantics" name="object"/>
    </value>
  </constraint>
</options>
